INFO: [VRFC 10-2263] Analyzing Verilog file "M:/UNI/L2/L2 S4/ELE401/Horloge_ELE401/Horloge_ELE401.sim/sim_1/impl/timing/xsim/TB_Horloge_time_impl.v" into library xil_defaultlib
INFO: [VRFC 10-311] analyzing module Projet
INFO: [VRFC 10-311] analyzing module Projet_Aff_7seg_0_0
INFO: [VRFC 10-311] analyzing module Projet_Aff_7seg_0_0_Aff_7seg
INFO: [VRFC 10-311] analyzing module Projet_Alarm_0_0
INFO: [VRFC 10-311] analyzing module Projet_Alarm_0_0_Alarm
INFO: [VRFC 10-311] analyzing module Projet_BaseDeTemps_0_0
INFO: [VRFC 10-311] analyzing module Projet_BaseDeTemps_0_0_BaseDeTemps
INFO: [VRFC 10-311] analyzing module Projet_BaseDeTemps_0_0_DiviseurN
INFO: [VRFC 10-311] analyzing module Projet_BaseDeTemps_0_0_DiviseurN__parameterized1
INFO: [VRFC 10-311] analyzing module Projet_BaseDeTemps_0_0_DiviseurN__parameterized3
INFO: [VRFC 10-311] analyzing module Projet_BaseDeTemps_0_0_DiviseurN__parameterized5
INFO: [VRFC 10-311] analyzing module Projet_Chronometre_0_0
INFO: [VRFC 10-311] analyzing module Projet_Chronometre_0_0_Chronometre
INFO: [VRFC 10-311] analyzing module Projet_Chronometre_0_0_cptMN
INFO: [VRFC 10-311] analyzing module Projet_Chronometre_0_0_cptMN_0
INFO: [VRFC 10-311] analyzing module Projet_Chronometre_0_0_cptMN__parameterized1
INFO: [VRFC 10-311] analyzing module Projet_Chronometre_0_0_cptMN__parameterized1_1
INFO: [VRFC 10-311] analyzing module Projet_Gestion_Mode_0_0
INFO: [VRFC 10-311] analyzing module Projet_Gestion_Mode_0_0_Gestion_Mode
INFO: [VRFC 10-311] analyzing module Projet_Horloge_0_0
INFO: [VRFC 10-311] analyzing module Projet_Horloge_0_0_Horloge
INFO: [VRFC 10-311] analyzing module Projet_Horloge_0_0_cptMN
INFO: [VRFC 10-311] analyzing module Projet_Horloge_0_0_cptMN__parameterized1
INFO: [VRFC 10-311] analyzing module Projet_Horloge_0_0_cptMN__parameterized11
INFO: [VRFC 10-311] analyzing module Projet_Horloge_0_0_cptMN__parameterized13
INFO: [VRFC 10-311] analyzing module Projet_Horloge_0_0_cptMN__parameterized3
INFO: [VRFC 10-311] analyzing module Projet_Horloge_0_0_cptMN__parameterized5
INFO: [VRFC 10-311] analyzing module Projet_Horloge_0_0_cptMN__parameterized7
INFO: [VRFC 10-311] analyzing module Projet_Horloge_0_0_cptMN__parameterized7_0
INFO: [VRFC 10-311] analyzing module Projet_Horloge_0_0_cptMN__parameterized7_1
INFO: [VRFC 10-311] analyzing module Projet_Horloge_0_0_cptMN__parameterized9
INFO: [VRFC 10-311] analyzing module Projet_Horloge_0_0_cptMN__parameterized9_2
INFO: [VRFC 10-311] analyzing module Projet_Minuteur_0_0
INFO: [VRFC 10-311] analyzing module Projet_Minuteur_0_0_Minuteur
INFO: [VRFC 10-311] analyzing module Projet_Minuteur_0_0_cptMN
INFO: [VRFC 10-311] analyzing module Projet_Minuteur_0_0_cptMN_0
INFO: [VRFC 10-311] analyzing module Projet_Minuteur_0_0_cptMN__parameterized1
INFO: [VRFC 10-311] analyzing module Projet_Minuteur_0_0_cptMN__parameterized1_1
INFO: [VRFC 10-311] analyzing module Projet_wrapper
INFO: [VRFC 10-311] analyzing module glbl
